<?xml version="1.0" encoding="UTF-8"?>
<testng-results skipped="0" failed="0" ignored="0" total="3" passed="3">
  <reporter-output>
  </reporter-output>
  <suite name="Suite" duration-ms="45" started-at="2018-03-08T19:00:59Z" finished-at="2018-03-08T19:00:59Z">
    <groups>
    </groups>
    <test name="Test" duration-ms="45" started-at="2018-03-08T19:00:59Z" finished-at="2018-03-08T19:00:59Z">
      <class name="cosmo.Jog">
        <test-method status="PASS" signature="home()[pri:0, instance:cosmo.Jog@6e6d5e]" name="home" duration-ms="9" started-at="2018-03-09T00:30:59Z" finished-at="2018-03-09T00:30:59Z">
          <reporter-output>
          </reporter-output>
        </test-method> <!-- home -->
      </class> <!-- cosmo.Jog -->
      <class name="practice.Run1">
        <test-method status="PASS" signature="print()[pri:0, instance:practice.Run1@11d970]" name="print" duration-ms="0" started-at="2018-03-09T00:30:59Z" finished-at="2018-03-09T00:30:59Z">
          <reporter-output>
          </reporter-output>
        </test-method> <!-- print -->
      </class> <!-- practice.Run1 -->
      <class name="practice.Run">
        <test-method status="PASS" signature="test()[pri:0, instance:practice.Run@1b64c45]" name="test" duration-ms="0" started-at="2018-03-09T00:30:59Z" finished-at="2018-03-09T00:30:59Z">
          <reporter-output>
          </reporter-output>
        </test-method> <!-- test -->
      </class> <!-- practice.Run -->
    </test> <!-- Test -->
  </suite> <!-- Suite -->
</testng-results>
