<?xml version="1.0" encoding="UTF-8"?>
<testng-results skipped="0" failed="0" total="3" passed="3">
  <reporter-output>
  </reporter-output>
  <suite name="Suite" duration-ms="94" started-at="2018-03-08T18:57:37Z" finished-at="2018-03-08T18:57:37Z">
    <groups>
    </groups>
    <test name="Test" duration-ms="94" started-at="2018-03-08T18:57:37Z" finished-at="2018-03-08T18:57:37Z">
      <class name="cosmo.Jog">
        <test-method status="PASS" signature="home()[pri:0, instance:cosmo.Jog@56dfcb]" name="home" duration-ms="22" started-at="2018-03-09T00:27:37Z" finished-at="2018-03-09T00:27:37Z">
          <reporter-output>
          </reporter-output>
        </test-method> <!-- home -->
      </class> <!-- cosmo.Jog -->
      <class name="practice.Run1">
        <test-method status="PASS" signature="print()[pri:0, instance:practice.Run1@18ad742]" name="print" duration-ms="1" started-at="2018-03-09T00:27:37Z" finished-at="2018-03-09T00:27:37Z">
          <reporter-output>
          </reporter-output>
        </test-method> <!-- print -->
      </class> <!-- practice.Run1 -->
      <class name="practice.Run">
        <test-method status="PASS" signature="test()[pri:0, instance:practice.Run@144fc66]" name="test" duration-ms="1" started-at="2018-03-09T00:27:37Z" finished-at="2018-03-09T00:27:37Z">
          <reporter-output>
          </reporter-output>
        </test-method> <!-- test -->
      </class> <!-- practice.Run -->
    </test> <!-- Test -->
  </suite> <!-- Suite -->
</testng-results>
